wlan0: Success
Killed
wlan0: Success
Killed
wlan0: Success
Killed
wlan0: Success
Login successful
wlan0: Success
wlan0: Resource temporarily unavailable
wlan0: Resource temporarily unavailable
wlan0: Connection reset by peer
wlan0: Connection reset by peer
wlan0: Connection reset by peer
wlan0: Connection reset by peer
wlan0: Connection reset by peer
wlan0: Connection reset by peer
wlan0: Connection reset by peer
wlan0: Connection reset by peer
wlan0: Connection reset by peer
wlan0: Connection reset by peer
wlan0: Connection reset by peer
wlan0: Connection reset by peer
wlan0: Connection reset by peer
Login successful
CThostFtdcUserApiImplBase::OnSessionDisconnected[0x7f9c240008c8][259457025][ 4097]
CThostFtdcUserApiImplBase::OnSessionDisconnected[0x7f9c240008c8][1816330242][ 8193]
CThostFtdcUserApiImplBase::OnSessionDisconnected[0x7f9c240008c8][1836056579][ 4097]
CThostFtdcUserApiImplBase::OnSessionDisconnected[0x7f9c240008c8][1875443716][ 4097]
CThostFtdcUserApiImplBase::OnSessionDisconnected[0x7f9c240008c8][1895235589][ 4097]
CThostFtdcUserApiImplBase::OnSessionDisconnected[0x7f9c240008c8][1915027462][ 4097]
CThostFtdcUserApiImplBase::OnSessionDisconnected[0x7f9c240008c8][1934753799][ 4097]
CThostFtdcUserApiImplBase::OnSessionDisconnected[0x7f9c240008c8][1954873352][ 4097]
CThostFtdcUserApiImplBase::OnSessionDisconnected[0x7f9c240008c8][1974992905][ 4097]
CThostFtdcUserApiImplBase::OnSessionDisconnected[0x7f9c240008c8][1994784778][ 4097]
CThostFtdcUserApiImplBase::OnSessionDisconnected[0x7f9c240008c8][2034171915][ 4097]
CThostFtdcUserApiImplBase::OnSessionDisconnected[0x7f9c240008c8][2053963788][ 4097]
CThostFtdcUserApiImplBase::OnSessionDisconnected[0x7f9c240008c8][2093285389][ 4097]
CThostFtdcUserApiImplBase::OnSessionDisconnected[0x7f9c240008c8][2132803598][ 4097]
CThostFtdcUserApiImplBase::OnSessionDisconnected[0x7f9c240008c8][-2142371825][ 4097]
CThostFtdcUserApiImplBase::OnSessionDisconnected[0x7f9c240008c8][-2084175856][ 4097]
