wlan0: Success
wlan0: Success
Killed
wlan0: Success
wlan0: Success
wlan0: Resource temporarily unavailable
wlan0: Connection reset by peer
wlan0: Connection reset by peer
wlan0: Connection reset by peer
Login successful
CThostFtdcUserApiImplBase::OnSessionDisconnected[0x7f91940008c8][1368129537][ 4097]
CThostFtdcUserApiImplBase::OnSessionDisconnected[0x7f91940008c8][1546715138][ 4097]
CThostFtdcUserApiImplBase::OnSessionDisconnected[0x7f91940008c8][1566507011][ 4097]
CThostFtdcUserApiImplBase::OnSessionDisconnected[0x7f91940008c8][1591279620][ 4097]
Login successful
wlan0: Success
wlan0: Invalid argument
wlan0: Connection reset by peer
wlan0: Connection reset by peer
wlan0: Resource temporarily unavailable
CThostFtdcUserApiImplBase::OnSessionDisconnected[0x7f34ac0008e8][-1628372991][ 8193]
CThostFtdcUserApiImplBase::OnSessionDisconnected[0x7f34ac0008e8][-1608646654][ 4097]
CThostFtdcUserApiImplBase::OnSessionDisconnected[0x7f34ac0008e8][-1588723709][ 4097]
Login successful
CThostFtdcUserApiImplBase::OnSessionDisconnected[0x7f34ac0008e8][-1569456124][ 4097]
Login successful
wlan0: Success
wlan0: Resource temporarily unavailable
wlan0: Connection reset by peer
wlan0: Connection reset by peer
wlan0: Connection reset by peer
wlan0: Resource temporarily unavailable
Login successful
CThostFtdcUserApiImplBase::OnSessionDisconnected[0x7fc1300008c8][-367067135][ 4097]
CThostFtdcUserApiImplBase::OnSessionDisconnected[0x7fc1300212c8][953155586][ 4097]
CThostFtdcUserApiImplBase::OnSessionDisconnected[0x7fc1300212c8][973144067][ 4097]
CThostFtdcUserApiImplBase::OnSessionDisconnected[0x7fc1300212c8][1304231940][ 4097]
Login successful
CThostFtdcUserApiImplBase::OnSessionDisconnected[0x7fc1300212c8][1349124101][ 4097]
Login successful
wlan0: Success
Login successful
wlan0: Success
wlan0: Success
wlan0: Resource temporarily unavailable
wlan0: Connection reset by peer
wlan0: Connection reset by peer
wlan0: Connection reset by peer
wlan0: Connection reset by peer
wlan0: Resource temporarily unavailable
wlan0: Connection reset by peer
wlan0: Connection reset by peer
wlan0: Connection reset by peer
wlan0: Connection reset by peer
wlan0: Connection reset by peer
wlan0: Connection reset by peer
Login successful
CThostFtdcUserApiImplBase::OnSessionDisconnected[0x7f152c0008c8][-1870331903][ 4097]
CThostFtdcUserApiImplBase::OnSessionDisconnected[0x7f152c0008c8][-284360702][ 4097]
CThostFtdcUserApiImplBase::OnSessionDisconnected[0x7f152c0008c8][-264372221][ 4097]
CThostFtdcUserApiImplBase::OnSessionDisconnected[0x7f152c0008c8][-225050620][ 4097]
CThostFtdcUserApiImplBase::OnSessionDisconnected[0x7f152c0008c8][-185794555][ 4097]
Login successful
CThostFtdcUserApiImplBase::OnSessionDisconnected[0x7f152c0008c8][-168361978][ 4097]
CThostFtdcUserApiImplBase::OnSessionDisconnected[0x7f152c0008c8][-55443449][ 4097]
CThostFtdcUserApiImplBase::OnSessionDisconnected[0x7f152c0008c8][-33685496][ 4097]
CThostFtdcUserApiImplBase::OnSessionDisconnected[0x7f152c0008c8][-9764855][ 4097]
CThostFtdcUserApiImplBase::OnSessionDisconnected[0x7f152c0008c8][25493514][ 4097]
CThostFtdcUserApiImplBase::OnSessionDisconnected[0x7f152c0008c8][49414155][ 4097]
CThostFtdcUserApiImplBase::OnSessionDisconnected[0x7f152c0008c8][70713356][ 4097]
CThostFtdcUserApiImplBase::OnSessionDisconnected[0x7f152c0008c8][90374157][ 4097]
wlan0: Success
